2016-07-09 07:56:14,488 [Worker-28] INFO  o.e.m.c.i.l.LifecycleMappingFactory - Using org.maven.ide.eclipse.wtp.WarLifecycleMapping lifecycle mapping for MavenProject: uit.se:recsys:1.0.0-BUILD-SNAPSHOT @ E:\PROJECT\RESEARCH\Source\JobRecSys\JobRecTaskManagement\pom.xml.
2016-07-09 07:56:36,965 [Worker-28] INFO  o.e.m.c.i.embedder.EclipseLogger - Using 'UTF-8' encoding to copy filtered resources.
2016-07-09 07:56:36,990 [Worker-28] INFO  o.e.m.c.i.embedder.EclipseLogger - Copying 3 resources
2016-07-09 07:56:37,084 [Worker-28] INFO  o.e.m.c.i.embedder.EclipseLogger - Using 'UTF-8' encoding to copy filtered resources.
2016-07-09 07:56:37,085 [Worker-28] INFO  o.e.m.c.i.embedder.EclipseLogger - Copying 1 resource
2016-07-09 07:56:38,081 [Worker-22] INFO  o.e.m.c.i.p.ProjectConfigurationManager - Update started
2016-07-09 07:56:39,202 [Worker-22] INFO  o.e.m.c.i.l.LifecycleMappingFactory - Using org.maven.ide.eclipse.wtp.WarLifecycleMapping lifecycle mapping for MavenProject: uit.se:recsys:1.0.0-BUILD-SNAPSHOT @ E:\PROJECT\RESEARCH\Source\JobRecSys\JobRecTaskManagement\pom.xml.
2016-07-09 07:56:41,296 [Worker-22] INFO  o.e.m.j.i.AbstractJavaProjectConfigurator - Adding source folder /JobRecTaskManagement/src/main/java
2016-07-09 07:56:41,297 [Worker-22] INFO  o.e.m.j.i.AbstractJavaProjectConfigurator - Adding resource folder /JobRecTaskManagement/src/main/resources
2016-07-09 07:56:41,298 [Worker-22] INFO  o.e.m.j.i.AbstractJavaProjectConfigurator - Adding source folder /JobRecTaskManagement/src/test/java
2016-07-09 07:56:41,298 [Worker-22] INFO  o.e.m.j.i.AbstractJavaProjectConfigurator - Adding resource folder /JobRecTaskManagement/src/test/resources
2016-07-09 07:56:43,225 [Worker-22] INFO  o.e.m.w.i.f.ResourceFilteringBuildParticipant - Cleaning filtered folder for JobRecTaskManagement
2016-07-09 07:56:43,234 [Worker-22] INFO  o.e.m.c.i.p.ProjectConfigurationManager - Update completed: 5 sec
2016-07-09 07:56:51,452 [Worker-33] INFO  o.e.m.c.i.embedder.EclipseLogger - Using 'UTF-8' encoding to copy filtered resources.
2016-07-09 07:56:51,453 [Worker-33] INFO  o.e.m.c.i.embedder.EclipseLogger - Copying 3 resources
2016-07-09 07:56:51,471 [Worker-33] INFO  o.e.m.c.i.embedder.EclipseLogger - Using 'UTF-8' encoding to copy filtered resources.
2016-07-09 07:56:51,471 [Worker-33] INFO  o.e.m.c.i.embedder.EclipseLogger - Copying 1 resource
2016-07-09 07:56:51,488 [Worker-33] INFO  o.e.m.w.i.f.ResourceFilteringBuildParticipant - Changed resources require a complete clean of filtered resources of JobRecTaskManagement
2016-07-09 07:56:51,489 [Worker-33] INFO  o.e.m.w.i.f.ResourceFilteringBuildParticipant - Executing resource filtering for JobRecTaskManagement
2016-07-09 07:56:51,496 [Worker-33] INFO  o.e.m.c.i.embedder.EclipseLogger - Using 'UTF-8' encoding to copy filtered resources.
2016-07-10 10:52:55,695 [Worker-5] INFO  o.e.m.c.i.embedder.EclipseLogger - Using 'UTF-8' encoding to copy filtered resources.
2016-07-10 10:52:55,741 [Worker-5] INFO  o.e.m.c.i.embedder.EclipseLogger - Copying 3 resources
2016-07-10 10:52:55,749 [Worker-5] INFO  o.e.m.c.i.embedder.EclipseLogger - Using 'UTF-8' encoding to copy filtered resources.
2016-07-10 10:52:55,750 [Worker-5] INFO  o.e.m.c.i.embedder.EclipseLogger - Copying 1 resource
2016-07-10 11:03:13,891 [Worker-8] INFO  o.e.m.c.i.embedder.EclipseLogger - Using 'UTF-8' encoding to copy filtered resources.
2016-07-10 11:03:13,920 [Worker-8] INFO  o.e.m.c.i.embedder.EclipseLogger - Copying 3 resources
2016-07-10 11:03:13,927 [Worker-8] INFO  o.e.m.c.i.embedder.EclipseLogger - Using 'UTF-8' encoding to copy filtered resources.
2016-07-10 11:03:13,932 [Worker-8] INFO  o.e.m.c.i.embedder.EclipseLogger - Copying 0 resource
2016-07-10 11:03:52,388 [Worker-2] INFO  o.e.m.c.i.p.ProjectConfigurationManager - Update started
2016-07-10 11:03:56,404 [Worker-2] INFO  o.e.m.c.i.l.LifecycleMappingFactory - Using org.maven.ide.eclipse.wtp.WarLifecycleMapping lifecycle mapping for MavenProject: uit.se:recsys:1.0.0-BUILD-SNAPSHOT @ E:\PROJECT\RESEARCH\Source\JobRecSys\JobRecTaskManagement\pom.xml.
2016-07-10 11:03:58,437 [Worker-2] INFO  o.e.m.j.i.AbstractJavaProjectConfigurator - Adding source folder /JobRecTaskManagement/src/main/java
2016-07-10 11:03:58,438 [Worker-2] INFO  o.e.m.j.i.AbstractJavaProjectConfigurator - Adding resource folder /JobRecTaskManagement/src/main/resources
2016-07-10 11:03:58,439 [Worker-2] INFO  o.e.m.j.i.AbstractJavaProjectConfigurator - Adding source folder /JobRecTaskManagement/src/test/java
2016-07-10 11:03:58,439 [Worker-2] INFO  o.e.m.j.i.AbstractJavaProjectConfigurator - Adding resource folder /JobRecTaskManagement/src/test/resources
2016-07-10 11:03:59,439 [Worker-2] INFO  o.e.m.w.i.f.ResourceFilteringBuildParticipant - Cleaning filtered folder for JobRecTaskManagement
2016-07-10 11:03:59,448 [Worker-2] INFO  o.e.m.c.i.p.ProjectConfigurationManager - Update completed: 7 sec
2016-07-10 11:04:05,261 [Worker-25] INFO  o.e.m.c.i.embedder.EclipseLogger - Using 'UTF-8' encoding to copy filtered resources.
2016-07-10 11:04:05,262 [Worker-25] INFO  o.e.m.c.i.embedder.EclipseLogger - Copying 3 resources
2016-07-10 11:04:05,354 [Worker-25] INFO  o.e.m.c.i.embedder.EclipseLogger - Using 'UTF-8' encoding to copy filtered resources.
2016-07-10 11:04:05,355 [Worker-25] INFO  o.e.m.c.i.embedder.EclipseLogger - Copying 1 resource
2016-07-10 11:04:05,374 [Worker-25] INFO  o.e.m.w.i.f.ResourceFilteringBuildParticipant - Changed resources require a complete clean of filtered resources of JobRecTaskManagement
2016-07-10 11:04:05,375 [Worker-25] INFO  o.e.m.w.i.f.ResourceFilteringBuildParticipant - Executing resource filtering for JobRecTaskManagement
2016-07-10 11:04:05,384 [Worker-25] INFO  o.e.m.c.i.embedder.EclipseLogger - Using 'UTF-8' encoding to copy filtered resources.
2016-07-10 11:10:14,475 [Worker-26] INFO  o.e.m.c.i.embedder.EclipseLogger - Using 'UTF-8' encoding to copy filtered resources.
2016-07-10 11:10:14,479 [Worker-26] INFO  o.e.m.c.i.embedder.EclipseLogger - Copying 1 resource
2016-07-10 11:10:14,483 [Worker-26] INFO  o.e.m.c.i.embedder.EclipseLogger - Using 'UTF-8' encoding to copy filtered resources.
2016-07-10 11:10:14,483 [Worker-26] INFO  o.e.m.c.i.embedder.EclipseLogger - Copying 0 resource
2016-07-10 11:33:15,011 [Worker-35] INFO  o.e.m.c.i.embedder.EclipseLogger - Using 'UTF-8' encoding to copy filtered resources.
2016-07-10 11:33:15,049 [Worker-35] INFO  o.e.m.c.i.embedder.EclipseLogger - Copying 3 resources
2016-07-10 11:33:15,087 [Worker-35] INFO  o.e.m.c.i.embedder.EclipseLogger - Using 'UTF-8' encoding to copy filtered resources.
2016-07-10 11:33:15,087 [Worker-35] INFO  o.e.m.c.i.embedder.EclipseLogger - Copying 0 resource
2016-07-10 11:33:16,887 [Worker-33] INFO  o.e.m.c.i.embedder.EclipseLogger - Using 'UTF-8' encoding to copy filtered resources.
2016-07-10 11:33:16,889 [Worker-33] INFO  o.e.m.c.i.embedder.EclipseLogger - Copying 3 resources
2016-07-10 11:33:16,908 [Worker-33] INFO  o.e.m.c.i.embedder.EclipseLogger - Using 'UTF-8' encoding to copy filtered resources.
2016-07-10 11:33:16,909 [Worker-33] INFO  o.e.m.c.i.embedder.EclipseLogger - Copying 0 resource
2016-07-10 14:30:01,180 [Worker-11] INFO  o.e.m.c.i.embedder.EclipseLogger - Using 'UTF-8' encoding to copy filtered resources.
2016-07-10 14:30:01,231 [Worker-11] INFO  o.e.m.c.i.embedder.EclipseLogger - Copying 3 resources
2016-07-10 14:30:01,243 [Worker-11] INFO  o.e.m.c.i.embedder.EclipseLogger - Using 'UTF-8' encoding to copy filtered resources.
2016-07-10 14:30:01,244 [Worker-11] INFO  o.e.m.c.i.embedder.EclipseLogger - Copying 1 resource
2016-07-12 21:27:41,967 [Worker-21] INFO  o.e.m.c.i.embedder.EclipseLogger - Using 'UTF-8' encoding to copy filtered resources.
2016-07-12 21:27:42,042 [Worker-21] INFO  o.e.m.c.i.embedder.EclipseLogger - Copying 3 resources
2016-07-12 21:27:42,064 [Worker-21] INFO  o.e.m.c.i.embedder.EclipseLogger - Using 'UTF-8' encoding to copy filtered resources.
2016-07-12 21:27:42,065 [Worker-21] INFO  o.e.m.c.i.embedder.EclipseLogger - Copying 1 resource
2016-07-12 23:06:48,408 [Worker-2] INFO  o.e.m.c.i.l.LifecycleMappingFactory - Using org.maven.ide.eclipse.wtp.WarLifecycleMapping lifecycle mapping for MavenProject: uit.se:recsys:1.0.0-BUILD-SNAPSHOT @ E:\PROJECT\RESEARCH\Source\JobRecSys\JobRecTaskManagement\pom.xml.
2016-07-12 23:07:23,863 [Worker-16] INFO  o.e.m.c.i.embedder.EclipseLogger - Using 'UTF-8' encoding to copy filtered resources.
2016-07-12 23:07:23,870 [Worker-16] INFO  o.e.m.c.i.embedder.EclipseLogger - Copying 3 resources
2016-07-12 23:07:23,913 [Worker-16] INFO  o.e.m.c.i.embedder.EclipseLogger - Using 'UTF-8' encoding to copy filtered resources.
2016-07-12 23:07:23,914 [Worker-16] INFO  o.e.m.c.i.embedder.EclipseLogger - Copying 1 resource
2016-07-13 22:07:32,260 [Worker-3] INFO  o.e.m.c.i.embedder.EclipseLogger - Using 'UTF-8' encoding to copy filtered resources.
2016-07-13 22:07:32,285 [Worker-3] INFO  o.e.m.c.i.embedder.EclipseLogger - Copying 3 resources
2016-07-13 22:07:32,325 [Worker-3] INFO  o.e.m.c.i.embedder.EclipseLogger - Using 'UTF-8' encoding to copy filtered resources.
2016-07-13 22:07:32,326 [Worker-3] INFO  o.e.m.c.i.embedder.EclipseLogger - Copying 1 resource
2016-07-13 23:07:53,577 [Worker-9] INFO  o.e.m.c.i.embedder.EclipseLogger - Using 'UTF-8' encoding to copy filtered resources.
2016-07-13 23:07:53,596 [Worker-9] INFO  o.e.m.c.i.embedder.EclipseLogger - Copying 3 resources
2016-07-13 23:07:53,609 [Worker-9] INFO  o.e.m.c.i.embedder.EclipseLogger - Using 'UTF-8' encoding to copy filtered resources.
2016-07-13 23:07:53,610 [Worker-9] INFO  o.e.m.c.i.embedder.EclipseLogger - Copying 1 resource
2016-07-14 20:24:34,439 [Worker-11] INFO  o.e.m.c.i.embedder.EclipseLogger - Using 'UTF-8' encoding to copy filtered resources.
2016-07-14 20:24:34,556 [Worker-11] INFO  o.e.m.c.i.embedder.EclipseLogger - Copying 3 resources
2016-07-14 20:24:34,618 [Worker-11] INFO  o.e.m.c.i.embedder.EclipseLogger - Using 'UTF-8' encoding to copy filtered resources.
2016-07-14 20:24:34,619 [Worker-11] INFO  o.e.m.c.i.embedder.EclipseLogger - Copying 1 resource
2016-07-16 08:27:07,289 [Worker-3] INFO  o.e.m.c.i.embedder.EclipseLogger - Using 'UTF-8' encoding to copy filtered resources.
2016-07-16 08:27:07,312 [Worker-3] INFO  o.e.m.c.i.embedder.EclipseLogger - Copying 3 resources
2016-07-16 08:27:07,344 [Worker-3] INFO  o.e.m.c.i.embedder.EclipseLogger - Using 'UTF-8' encoding to copy filtered resources.
2016-07-16 08:27:07,345 [Worker-3] INFO  o.e.m.c.i.embedder.EclipseLogger - Copying 1 resource
2016-07-16 12:11:26,022 [Worker-0] INFO  o.e.m.c.i.embedder.EclipseLogger - Using 'UTF-8' encoding to copy filtered resources.
2016-07-16 12:11:26,089 [Worker-0] INFO  o.e.m.c.i.embedder.EclipseLogger - Copying 3 resources
2016-07-16 12:11:26,128 [Worker-0] INFO  o.e.m.c.i.embedder.EclipseLogger - Using 'UTF-8' encoding to copy filtered resources.
2016-07-16 12:11:26,134 [Worker-0] INFO  o.e.m.c.i.embedder.EclipseLogger - Copying 1 resource
